#
# There is insufficient memory for the Java Runtime Environment to continue.
# Native memory allocation (malloc) failed to allocate 854736 bytes for Chunk::new
# Possible reasons:
#   The system is out of physical RAM or swap space
#   The process is running with CompressedOops enabled, and the Java Heap may be blocking the growth of the native heap
# Possible solutions:
#   Reduce memory load on the system
#   Increase physical memory or swap space
#   Check if swap backing store is full
#   Decrease Java heap size (-Xmx/-Xms)
#   Decrease number of Java threads
#   Decrease Java thread stack sizes (-Xss)
#   Set larger code cache with -XX:ReservedCodeCacheSize=
#   JVM is running with Unscaled Compressed Oops mode in which the Java heap is
#     placed in the first 4GB address space. The Java Heap base address is the
#     maximum limit for the native heap growth. Please use -XX:HeapBaseMinAddress
#     to set the Java Heap base and to place the Java Heap above 4GB virtual address.
# This output file may be truncated or incomplete.
#
#  Out of Memory Error (arena.cpp:168), pid=11336, tid=8188
#
# JRE version: Java(TM) SE Runtime Environment (21.0.7+8) (build 21.0.7+8-LTS-245)
# Java VM: Java HotSpot(TM) 64-Bit Server VM (21.0.7+8-LTS-245, mixed mode, sharing, tiered, compressed oops, compressed class ptrs, g1 gc, windows-amd64)
# No core dump will be written. Minidumps are not enabled by default on client versions of Windows
#

---------------  S U M M A R Y ------------

Command Line: -Dclassworlds.conf=C:\Program Files\apache-maven-3.6.3\bin\..\bin\m2.conf -Dmaven.home=C:\Program Files\apache-maven-3.6.3\bin\.. -Dlibrary.jansi.path=C:\Program Files\apache-maven-3.6.3\bin\..\lib\jansi-native -Dmaven.multiModuleProjectDirectory=C:\Users\Dzenana\Desktop\system-events org.codehaus.plexus.classworlds.launcher.Launcher clean install -U

Host: Intel(R) Core(TM) i5-8265U CPU @ 1.60GHz, 8 cores, 7G,  Windows 10 , 64 bit Build 19041 (10.0.19041.2364)
Time: Tue Jun  3 16:27:15 2025 Central European Daylight Time elapsed time: 1.972500 seconds (0d 0h 0m 1s)

---------------  T H R E A D  ---------------

Current thread (0x0000013145613b60):  JavaThread "C2 CompilerThread1" daemon [_thread_in_native, id=8188, stack(0x0000000dab600000,0x0000000dab700000) (1024K)]


Current CompileTask:
C2:   1972 3443   !   4       org.codehaus.plexus.interpolation.StringSearchInterpolator::interpolate (650 bytes)

Stack: [0x0000000dab600000,0x0000000dab700000]
Native frames: (J=compiled Java code, j=interpreted, Vv=VM code, C=native code)
V  [jvm.dll+0x6cae19]
V  [jvm.dll+0x855741]
V  [jvm.dll+0x857c6e]
V  [jvm.dll+0x858343]
V  [jvm.dll+0x27e0b6]
V  [jvm.dll+0xc4ecd]
V  [jvm.dll+0xc5403]
V  [jvm.dll+0x2f145d]
V  [jvm.dll+0x5f5a8a]
V  [jvm.dll+0x24fbc2]
V  [jvm.dll+0x248643]
V  [jvm.dll+0x246004]
V  [jvm.dll+0x1c6efe]
V  [jvm.dll+0x255819]
V  [jvm.dll+0x253daa]
V  [jvm.dll+0x3eebb6]
V  [jvm.dll+0x7ffa1b]
V  [jvm.dll+0x6c94fd]
C  [ucrtbase.dll+0x21bb2]
C  [KERNEL32.DLL+0x17614]
C  [ntdll.dll+0x526a1]


---------------  P R O C E S S  ---------------

Threads class SMR info:
_java_thread_list=0x0000013145945ef0, length=13, elements={
0x000001315cf26520, 0x000001317b6576a0, 0x000001317b6583b0, 0x000001317b65c290,
0x0000013145132830, 0x00000131451321a0, 0x00000131451300d0, 0x00000131451387b0,
0x000001314513c350, 0x0000013145133550, 0x0000013145130df0, 0x0000013145613b60,
0x0000013145b15e50
}

Java Threads: ( => current thread )
  0x000001315cf26520 JavaThread "main"                              [_thread_in_Java, id=1460, stack(0x0000000daa400000,0x0000000daa500000) (1024K)]
  0x000001317b6576a0 JavaThread "Reference Handler"          daemon [_thread_blocked, id=14676, stack(0x0000000daac00000,0x0000000daad00000) (1024K)]
  0x000001317b6583b0 JavaThread "Finalizer"                  daemon [_thread_blocked, id=10884, stack(0x0000000daad00000,0x0000000daae00000) (1024K)]
  0x000001317b65c290 JavaThread "Signal Dispatcher"          daemon [_thread_blocked, id=13708, stack(0x0000000daae00000,0x0000000daaf00000) (1024K)]
  0x0000013145132830 JavaThread "Attach Listener"            daemon [_thread_blocked, id=10560, stack(0x0000000daaf00000,0x0000000dab000000) (1024K)]
  0x00000131451321a0 JavaThread "Service Thread"             daemon [_thread_blocked, id=10840, stack(0x0000000dab000000,0x0000000dab100000) (1024K)]
  0x00000131451300d0 JavaThread "Monitor Deflation Thread"   daemon [_thread_blocked, id=13392, stack(0x0000000dab100000,0x0000000dab200000) (1024K)]
  0x00000131451387b0 JavaThread "C2 CompilerThread0"         daemon [_thread_in_native, id=16012, stack(0x0000000dab200000,0x0000000dab300000) (1024K)]
  0x000001314513c350 JavaThread "C1 CompilerThread0"         daemon [_thread_in_vm, id=15792, stack(0x0000000dab300000,0x0000000dab400000) (1024K)]
  0x0000013145133550 JavaThread "Notification Thread"        daemon [_thread_blocked, id=15140, stack(0x0000000dab400000,0x0000000dab500000) (1024K)]
  0x0000013145130df0 JavaThread "Common-Cleaner"             daemon [_thread_blocked, id=1592, stack(0x0000000dab500000,0x0000000dab600000) (1024K)]
=>0x0000013145613b60 JavaThread "C2 CompilerThread1"         daemon [_thread_in_native, id=8188, stack(0x0000000dab600000,0x0000000dab700000) (1024K)]
  0x0000013145b15e50 JavaThread "C2 CompilerThread2"         daemon [_thread_in_native, id=8040, stack(0x0000000dab700000,0x0000000dab800000) (1024K)]
Total: 13

Other Threads:
  0x000001317b63c850 VMThread "VM Thread"                           [id=2928, stack(0x0000000daab00000,0x0000000daac00000) (1024K)]
  0x000001317b62bbf0 WatcherThread "VM Periodic Task Thread"        [id=9448, stack(0x0000000daaa00000,0x0000000daab00000) (1024K)]
  0x000001315f11c710 WorkerThread "GC Thread#0"                     [id=14524, stack(0x0000000daa500000,0x0000000daa600000) (1024K)]
  0x00000131462ad850 WorkerThread "GC Thread#1"                     [id=4400, stack(0x0000000dab800000,0x0000000dab900000) (1024K)]
  0x00000131462adbf0 WorkerThread "GC Thread#2"                     [id=11316, stack(0x0000000dab900000,0x0000000daba00000) (1024K)]
  0x0000013145b17530 WorkerThread "GC Thread#3"                     [id=84, stack(0x0000000daba00000,0x0000000dabb00000) (1024K)]
  0x00000131458aa9b0 WorkerThread "GC Thread#4"                     [id=12572, stack(0x0000000dabb00000,0x0000000dabc00000) (1024K)]
  0x0000013145eccda0 WorkerThread "GC Thread#5"                     [id=12560, stack(0x0000000dabc00000,0x0000000dabd00000) (1024K)]
  0x0000013145cd4f40 WorkerThread "GC Thread#6"                     [id=15972, stack(0x0000000dabd00000,0x0000000dabe00000) (1024K)]
  0x0000013145f41640 WorkerThread "GC Thread#7"                     [id=9144, stack(0x0000000dabe00000,0x0000000dabf00000) (1024K)]
  0x000001315f16e010 ConcurrentGCThread "G1 Main Marker"            [id=4732, stack(0x0000000daa600000,0x0000000daa700000) (1024K)]
  0x000001315f16ea20 WorkerThread "G1 Conc#0"                       [id=14496, stack(0x0000000daa700000,0x0000000daa800000) (1024K)]
  0x000001317b4edd30 ConcurrentGCThread "G1 Refine#0"               [id=3520, stack(0x0000000daa800000,0x0000000daa900000) (1024K)]
  0x000001317b4f06c0 ConcurrentGCThread "G1 Service"                [id=2552, stack(0x0000000daa900000,0x0000000daaa00000) (1024K)]
Total: 14

Threads with active compile tasks:
C2 CompilerThread0     2038 3459       4       org.eclipse.sisu.inject.LocatedBeans$Itr::hasNext (161 bytes)
C1 CompilerThread0     2039 3554       3       org.eclipse.aether.internal.impl.EnhancedLocalRepositoryManager::getKey (27 bytes)
C2 CompilerThread1     2039 3443   !   4       org.codehaus.plexus.interpolation.StringSearchInterpolator::interpolate (650 bytes)
C2 CompilerThread2     2039 3454 %     4       org.codehaus.plexus.util.xml.Xpp3DomBuilder::build @ 28 (413 bytes)
Total: 4

VM state: not at safepoint (normal execution)

VM Mutex/Monitor currently owned by a thread: None

Heap address: 0x0000000081c00000, size: 2020 MB, Compressed Oops mode: 32-bit

CDS archive(s) mapped at: [0x0000013100000000-0x0000013100c90000-0x0000013100c90000), size 13172736, SharedBaseAddress: 0x0000013100000000, ArchiveRelocationMode: 1.
Compressed class space mapped at: 0x0000013101000000-0x0000013141000000, reserved size: 1073741824
Narrow klass base: 0x0000013100000000, Narrow klass shift: 0, Narrow klass range: 0x100000000

GC Precious Log:
 CardTable entry size: 512
 Card Set container configuration: InlinePtr #cards 5 size 8 Array Of Cards #cards 12 size 40 Howl #buckets 4 coarsen threshold 1843 Howl Bitmap #cards 512 size 80 coarsen threshold 460 Card regions per heap region 1 cards per card region 2048
 CPUs: 8 total, 8 available
 Memory: 8078M
 Large Page Support: Disabled
 NUMA Support: Disabled
 Compressed Oops: Enabled (32-bit)
 Heap Region Size: 1M
 Heap Min Capacity: 8M
 Heap Initial Capacity: 128M
 Heap Max Capacity: 2020M
 Pre-touch: Disabled
 Parallel Workers: 8
 Concurrent Workers: 2
 Concurrent Refinement Workers: 8
 Periodic GC: Disabled

Heap:
 garbage-first heap   total 131072K, used 69867K [0x0000000081c00000, 0x0000000100000000)
  region size 1024K, 66 young (67584K), 3 survivors (3072K)
 Metaspace       used 13745K, committed 14080K, reserved 1114112K
  class space    used 1517K, committed 1664K, reserved 1048576K

Heap Regions: E=young(eden), S=young(survivor), O=old, HS=humongous(starts), HC=humongous(continues), CS=collection set, F=free, TAMS=top-at-mark-start, PB=parsable bottom
|   0|0x0000000081c00000, 0x0000000081d00000, 0x0000000081d00000|100%| O|  |TAMS 0x0000000081c00000| PB 0x0000000081c00000| Untracked 
|   1|0x0000000081d00000, 0x0000000081e00000, 0x0000000081e00000|100%| O|  |TAMS 0x0000000081d00000| PB 0x0000000081d00000| Untracked 
|   2|0x0000000081e00000, 0x0000000081f00000, 0x0000000081f00000|100%| O|  |TAMS 0x0000000081e00000| PB 0x0000000081e00000| Untracked 
|   3|0x0000000081f00000, 0x0000000081f70de8, 0x0000000082000000| 44%| O|  |TAMS 0x0000000081f00000| PB 0x0000000081f00000| Untracked 
|   4|0x0000000082000000, 0x0000000082000000, 0x0000000082100000|  0%| F|  |TAMS 0x0000000082000000| PB 0x0000000082000000| Untracked 
|   5|0x0000000082100000, 0x0000000082100000, 0x0000000082200000|  0%| F|  |TAMS 0x0000000082100000| PB 0x0000000082100000| Untracked 
|   6|0x0000000082200000, 0x0000000082200000, 0x0000000082300000|  0%| F|  |TAMS 0x0000000082200000| PB 0x0000000082200000| Untracked 
|   7|0x0000000082300000, 0x0000000082300000, 0x0000000082400000|  0%| F|  |TAMS 0x0000000082300000| PB 0x0000000082300000| Untracked 
|   8|0x0000000082400000, 0x0000000082400000, 0x0000000082500000|  0%| F|  |TAMS 0x0000000082400000| PB 0x0000000082400000| Untracked 
|   9|0x0000000082500000, 0x0000000082500000, 0x0000000082600000|  0%| F|  |TAMS 0x0000000082500000| PB 0x0000000082500000| Untracked 
|  10|0x0000000082600000, 0x0000000082600000, 0x0000000082700000|  0%| F|  |TAMS 0x0000000082600000| PB 0x0000000082600000| Untracked 
|  11|0x0000000082700000, 0x0000000082700000, 0x0000000082800000|  0%| F|  |TAMS 0x0000000082700000| PB 0x0000000082700000| Untracked 
|  12|0x0000000082800000, 0x0000000082800000, 0x0000000082900000|  0%| F|  |TAMS 0x0000000082800000| PB 0x0000000082800000| Untracked 
|  13|0x0000000082900000, 0x0000000082900000, 0x0000000082a00000|  0%| F|  |TAMS 0x0000000082900000| PB 0x0000000082900000| Untracked 
|  14|0x0000000082a00000, 0x0000000082a00000, 0x0000000082b00000|  0%| F|  |TAMS 0x0000000082a00000| PB 0x0000000082a00000| Untracked 
|  15|0x0000000082b00000, 0x0000000082b00000, 0x0000000082c00000|  0%| F|  |TAMS 0x0000000082b00000| PB 0x0000000082b00000| Untracked 
|  16|0x0000000082c00000, 0x0000000082c00000, 0x0000000082d00000|  0%| F|  |TAMS 0x0000000082c00000| PB 0x0000000082c00000| Untracked 
|  17|0x0000000082d00000, 0x0000000082d00000, 0x0000000082e00000|  0%| F|  |TAMS 0x0000000082d00000| PB 0x0000000082d00000| Untracked 
|  18|0x0000000082e00000, 0x0000000082e00000, 0x0000000082f00000|  0%| F|  |TAMS 0x0000000082e00000| PB 0x0000000082e00000| Untracked 
|  19|0x0000000082f00000, 0x0000000082f00000, 0x0000000083000000|  0%| F|  |TAMS 0x0000000082f00000| PB 0x0000000082f00000| Untracked 
|  20|0x0000000083000000, 0x0000000083000000, 0x0000000083100000|  0%| F|  |TAMS 0x0000000083000000| PB 0x0000000083000000| Untracked 
|  21|0x0000000083100000, 0x0000000083100000, 0x0000000083200000|  0%| F|  |TAMS 0x0000000083100000| PB 0x0000000083100000| Untracked 
|  22|0x0000000083200000, 0x0000000083200000, 0x0000000083300000|  0%| F|  |TAMS 0x0000000083200000| PB 0x0000000083200000| Untracked 
|  23|0x0000000083300000, 0x0000000083300000, 0x0000000083400000|  0%| F|  |TAMS 0x0000000083300000| PB 0x0000000083300000| Untracked 
|  24|0x0000000083400000, 0x0000000083400000, 0x0000000083500000|  0%| F|  |TAMS 0x0000000083400000| PB 0x0000000083400000| Untracked 
|  25|0x0000000083500000, 0x0000000083500000, 0x0000000083600000|  0%| F|  |TAMS 0x0000000083500000| PB 0x0000000083500000| Untracked 
|  26|0x0000000083600000, 0x0000000083600000, 0x0000000083700000|  0%| F|  |TAMS 0x0000000083600000| PB 0x0000000083600000| Untracked 
|  27|0x0000000083700000, 0x0000000083700000, 0x0000000083800000|  0%| F|  |TAMS 0x0000000083700000| PB 0x0000000083700000| Untracked 
|  28|0x0000000083800000, 0x0000000083800000, 0x0000000083900000|  0%| F|  |TAMS 0x0000000083800000| PB 0x0000000083800000| Untracked 
|  29|0x0000000083900000, 0x0000000083900000, 0x0000000083a00000|  0%| F|  |TAMS 0x0000000083900000| PB 0x0000000083900000| Untracked 
|  30|0x0000000083a00000, 0x0000000083a00000, 0x0000000083b00000|  0%| F|  |TAMS 0x0000000083a00000| PB 0x0000000083a00000| Untracked 
|  31|0x0000000083b00000, 0x0000000083b00000, 0x0000000083c00000|  0%| F|  |TAMS 0x0000000083b00000| PB 0x0000000083b00000| Untracked 
|  32|0x0000000083c00000, 0x0000000083c00000, 0x0000000083d00000|  0%| F|  |TAMS 0x0000000083c00000| PB 0x0000000083c00000| Untracked 
|  33|0x0000000083d00000, 0x0000000083d00000, 0x0000000083e00000|  0%| F|  |TAMS 0x0000000083d00000| PB 0x0000000083d00000| Untracked 
|  34|0x0000000083e00000, 0x0000000083e00000, 0x0000000083f00000|  0%| F|  |TAMS 0x0000000083e00000| PB 0x0000000083e00000| Untracked 
|  35|0x0000000083f00000, 0x0000000083f00000, 0x0000000084000000|  0%| F|  |TAMS 0x0000000083f00000| PB 0x0000000083f00000| Untracked 
|  36|0x0000000084000000, 0x0000000084000000, 0x0000000084100000|  0%| F|  |TAMS 0x0000000084000000| PB 0x0000000084000000| Untracked 
|  37|0x0000000084100000, 0x0000000084100000, 0x0000000084200000|  0%| F|  |TAMS 0x0000000084100000| PB 0x0000000084100000| Untracked 
|  38|0x0000000084200000, 0x0000000084200000, 0x0000000084300000|  0%| F|  |TAMS 0x0000000084200000| PB 0x0000000084200000| Untracked 
|  39|0x0000000084300000, 0x0000000084300000, 0x0000000084400000|  0%| F|  |TAMS 0x0000000084300000| PB 0x0000000084300000| Untracked 
|  40|0x0000000084400000, 0x0000000084400000, 0x0000000084500000|  0%| F|  |TAMS 0x0000000084400000| PB 0x0000000084400000| Untracked 
|  41|0x0000000084500000, 0x0000000084500000, 0x0000000084600000|  0%| F|  |TAMS 0x0000000084500000| PB 0x0000000084500000| Untracked 
|  42|0x0000000084600000, 0x0000000084600000, 0x0000000084700000|  0%| F|  |TAMS 0x0000000084600000| PB 0x0000000084600000| Untracked 
|  43|0x0000000084700000, 0x0000000084700000, 0x0000000084800000|  0%| F|  |TAMS 0x0000000084700000| PB 0x0000000084700000| Untracked 
|  44|0x0000000084800000, 0x0000000084800000, 0x0000000084900000|  0%| F|  |TAMS 0x0000000084800000| PB 0x0000000084800000| Untracked 
|  45|0x0000000084900000, 0x0000000084900000, 0x0000000084a00000|  0%| F|  |TAMS 0x0000000084900000| PB 0x0000000084900000| Untracked 
|  46|0x0000000084a00000, 0x0000000084a00000, 0x0000000084b00000|  0%| F|  |TAMS 0x0000000084a00000| PB 0x0000000084a00000| Untracked 
|  47|0x0000000084b00000, 0x0000000084b00000, 0x0000000084c00000|  0%| F|  |TAMS 0x0000000084b00000| PB 0x0000000084b00000| Untracked 
|  48|0x0000000084c00000, 0x0000000084c00000, 0x0000000084d00000|  0%| F|  |TAMS 0x0000000084c00000| PB 0x0000000084c00000| Untracked 
|  49|0x0000000084d00000, 0x0000000084d00000, 0x0000000084e00000|  0%| F|  |TAMS 0x0000000084d00000| PB 0x0000000084d00000| Untracked 
|  50|0x0000000084e00000, 0x0000000084e00000, 0x0000000084f00000|  0%| F|  |TAMS 0x0000000084e00000| PB 0x0000000084e00000| Untracked 
|  51|0x0000000084f00000, 0x0000000084f00000, 0x0000000085000000|  0%| F|  |TAMS 0x0000000084f00000| PB 0x0000000084f00000| Untracked 
|  52|0x0000000085000000, 0x0000000085000000, 0x0000000085100000|  0%| F|  |TAMS 0x0000000085000000| PB 0x0000000085000000| Untracked 
|  53|0x0000000085100000, 0x0000000085100000, 0x0000000085200000|  0%| F|  |TAMS 0x0000000085100000| PB 0x0000000085100000| Untracked 
|  54|0x0000000085200000, 0x0000000085200000, 0x0000000085300000|  0%| F|  |TAMS 0x0000000085200000| PB 0x0000000085200000| Untracked 
|  55|0x0000000085300000, 0x0000000085300000, 0x0000000085400000|  0%| F|  |TAMS 0x0000000085300000| PB 0x0000000085300000| Untracked 
|  56|0x0000000085400000, 0x0000000085400000, 0x0000000085500000|  0%| F|  |TAMS 0x0000000085400000| PB 0x0000000085400000| Untracked 
|  57|0x0000000085500000, 0x0000000085500000, 0x0000000085600000|  0%| F|  |TAMS 0x0000000085500000| PB 0x0000000085500000| Untracked 
|  58|0x0000000085600000, 0x0000000085600000, 0x0000000085700000|  0%| F|  |TAMS 0x0000000085600000| PB 0x0000000085600000| Untracked 
|  59|0x0000000085700000, 0x0000000085700000, 0x0000000085800000|  0%| F|  |TAMS 0x0000000085700000| PB 0x0000000085700000| Untracked 
|  60|0x0000000085800000, 0x0000000085800000, 0x0000000085900000|  0%| F|  |TAMS 0x0000000085800000| PB 0x0000000085800000| Untracked 
|  61|0x0000000085900000, 0x0000000085980000, 0x0000000085a00000| 50%| E|  |TAMS 0x0000000085900000| PB 0x0000000085900000| Complete 
|  62|0x0000000085a00000, 0x0000000085b00000, 0x0000000085b00000|100%| E|CS|TAMS 0x0000000085a00000| PB 0x0000000085a00000| Complete 
|  63|0x0000000085b00000, 0x0000000085c00000, 0x0000000085c00000|100%| E|CS|TAMS 0x0000000085b00000| PB 0x0000000085b00000| Complete 
|  64|0x0000000085c00000, 0x0000000085d00000, 0x0000000085d00000|100%| E|CS|TAMS 0x0000000085c00000| PB 0x0000000085c00000| Complete 
|  65|0x0000000085d00000, 0x0000000085e00000, 0x0000000085e00000|100%| E|CS|TAMS 0x0000000085d00000| PB 0x0000000085d00000| Complete 
|  66|0x0000000085e00000, 0x0000000085f00000, 0x0000000085f00000|100%| E|CS|TAMS 0x0000000085e00000| PB 0x0000000085e00000| Complete 
|  67|0x0000000085f00000, 0x0000000086000000, 0x0000000086000000|100%| E|CS|TAMS 0x0000000085f00000| PB 0x0000000085f00000| Complete 
|  68|0x0000000086000000, 0x0000000086100000, 0x0000000086100000|100%| E|CS|TAMS 0x0000000086000000| PB 0x0000000086000000| Complete 
|  69|0x0000000086100000, 0x0000000086200000, 0x0000000086200000|100%| E|CS|TAMS 0x0000000086100000| PB 0x0000000086100000| Complete 
|  70|0x0000000086200000, 0x0000000086300000, 0x0000000086300000|100%| E|CS|TAMS 0x0000000086200000| PB 0x0000000086200000| Complete 
|  71|0x0000000086300000, 0x0000000086400000, 0x0000000086400000|100%| E|CS|TAMS 0x0000000086300000| PB 0x0000000086300000| Complete 
|  72|0x0000000086400000, 0x0000000086500000, 0x0000000086500000|100%| E|CS|TAMS 0x0000000086400000| PB 0x0000000086400000| Complete 
|  73|0x0000000086500000, 0x0000000086600000, 0x0000000086600000|100%| E|CS|TAMS 0x0000000086500000| PB 0x0000000086500000| Complete 
|  74|0x0000000086600000, 0x0000000086700000, 0x0000000086700000|100%| E|CS|TAMS 0x0000000086600000| PB 0x0000000086600000| Complete 
|  75|0x0000000086700000, 0x0000000086800000, 0x0000000086800000|100%| E|CS|TAMS 0x0000000086700000| PB 0x0000000086700000| Complete 
|  76|0x0000000086800000, 0x0000000086900000, 0x0000000086900000|100%| E|CS|TAMS 0x0000000086800000| PB 0x0000000086800000| Complete 
|  77|0x0000000086900000, 0x0000000086a00000, 0x0000000086a00000|100%| E|CS|TAMS 0x0000000086900000| PB 0x0000000086900000| Complete 
|  78|0x0000000086a00000, 0x0000000086b00000, 0x0000000086b00000|100%| E|CS|TAMS 0x0000000086a00000| PB 0x0000000086a00000| Complete 
|  79|0x0000000086b00000, 0x0000000086c00000, 0x0000000086c00000|100%| E|CS|TAMS 0x0000000086b00000| PB 0x0000000086b00000| Complete 
|  80|0x0000000086c00000, 0x0000000086d00000, 0x0000000086d00000|100%| E|CS|TAMS 0x0000000086c00000| PB 0x0000000086c00000| Complete 
|  81|0x0000000086d00000, 0x0000000086e00000, 0x0000000086e00000|100%| E|CS|TAMS 0x0000000086d00000| PB 0x0000000086d00000| Complete 
|  82|0x0000000086e00000, 0x0000000086f00000, 0x0000000086f00000|100%| E|CS|TAMS 0x0000000086e00000| PB 0x0000000086e00000| Complete 
|  83|0x0000000086f00000, 0x0000000087000000, 0x0000000087000000|100%| E|CS|TAMS 0x0000000086f00000| PB 0x0000000086f00000| Complete 
|  84|0x0000000087000000, 0x0000000087100000, 0x0000000087100000|100%| E|CS|TAMS 0x0000000087000000| PB 0x0000000087000000| Complete 
|  85|0x0000000087100000, 0x0000000087200000, 0x0000000087200000|100%| E|CS|TAMS 0x0000000087100000| PB 0x0000000087100000| Complete 
|  86|0x0000000087200000, 0x0000000087300000, 0x0000000087300000|100%| E|CS|TAMS 0x0000000087200000| PB 0x0000000087200000| Complete 
|  87|0x0000000087300000, 0x0000000087400000, 0x0000000087400000|100%| E|CS|TAMS 0x0000000087300000| PB 0x0000000087300000| Complete 
|  88|0x0000000087400000, 0x0000000087500000, 0x0000000087500000|100%| E|CS|TAMS 0x0000000087400000| PB 0x0000000087400000| Complete 
|  89|0x0000000087500000, 0x0000000087600000, 0x0000000087600000|100%| E|CS|TAMS 0x0000000087500000| PB 0x0000000087500000| Complete 
|  90|0x0000000087600000, 0x00000000876ca080, 0x0000000087700000| 78%| S|CS|TAMS 0x0000000087600000| PB 0x0000000087600000| Complete 
|  91|0x0000000087700000, 0x0000000087800000, 0x0000000087800000|100%| S|CS|TAMS 0x0000000087700000| PB 0x0000000087700000| Complete 
|  92|0x0000000087800000, 0x0000000087900000, 0x0000000087900000|100%| S|CS|TAMS 0x0000000087800000| PB 0x0000000087800000| Complete 
|  93|0x0000000087900000, 0x0000000087a00000, 0x0000000087a00000|100%| E|CS|TAMS 0x0000000087900000| PB 0x0000000087900000| Complete 
|  94|0x0000000087a00000, 0x0000000087b00000, 0x0000000087b00000|100%| E|CS|TAMS 0x0000000087a00000| PB 0x0000000087a00000| Complete 
|  95|0x0000000087b00000, 0x0000000087c00000, 0x0000000087c00000|100%| E|CS|TAMS 0x0000000087b00000| PB 0x0000000087b00000| Complete 
|  96|0x0000000087c00000, 0x0000000087d00000, 0x0000000087d00000|100%| E|CS|TAMS 0x0000000087c00000| PB 0x0000000087c00000| Complete 
|  97|0x0000000087d00000, 0x0000000087e00000, 0x0000000087e00000|100%| E|CS|TAMS 0x0000000087d00000| PB 0x0000000087d00000| Complete 
|  98|0x0000000087e00000, 0x0000000087f00000, 0x0000000087f00000|100%| E|CS|TAMS 0x0000000087e00000| PB 0x0000000087e00000| Complete 
|  99|0x0000000087f00000, 0x0000000088000000, 0x0000000088000000|100%| E|CS|TAMS 0x0000000087f00000| PB 0x0000000087f00000| Complete 
| 100|0x0000000088000000, 0x0000000088100000, 0x0000000088100000|100%| E|CS|TAMS 0x0000000088000000| PB 0x0000000088000000| Complete 
| 101|0x0000000088100000, 0x0000000088200000, 0x0000000088200000|100%| E|CS|TAMS 0x0000000088100000| PB 0x0000000088100000| Complete 
| 102|0x0000000088200000, 0x0000000088300000, 0x0000000088300000|100%| E|CS|TAMS 0x0000000088200000| PB 0x0000000088200000| Complete 
| 103|0x0000000088300000, 0x0000000088400000, 0x0000000088400000|100%| E|CS|TAMS 0x0000000088300000| PB 0x0000000088300000| Complete 
| 104|0x0000000088400000, 0x0000000088500000, 0x0000000088500000|100%| E|CS|TAMS 0x0000000088400000| PB 0x0000000088400000| Complete 
| 105|0x0000000088500000, 0x0000000088600000, 0x0000000088600000|100%| E|CS|TAMS 0x0000000088500000| PB 0x0000000088500000| Complete 
| 106|0x0000000088600000, 0x0000000088700000, 0x0000000088700000|100%| E|CS|TAMS 0x0000000088600000| PB 0x0000000088600000| Complete 
| 107|0x0000000088700000, 0x0000000088800000, 0x0000000088800000|100%| E|CS|TAMS 0x0000000088700000| PB 0x0000000088700000| Complete 
| 108|0x0000000088800000, 0x0000000088900000, 0x0000000088900000|100%| E|CS|TAMS 0x0000000088800000| PB 0x0000000088800000| Complete 
| 109|0x0000000088900000, 0x0000000088a00000, 0x0000000088a00000|100%| E|CS|TAMS 0x0000000088900000| PB 0x0000000088900000| Complete 
| 110|0x0000000088a00000, 0x0000000088b00000, 0x0000000088b00000|100%| E|CS|TAMS 0x0000000088a00000| PB 0x0000000088a00000| Complete 
| 111|0x0000000088b00000, 0x0000000088c00000, 0x0000000088c00000|100%| E|CS|TAMS 0x0000000088b00000| PB 0x0000000088b00000| Complete 
| 112|0x0000000088c00000, 0x0000000088d00000, 0x0000000088d00000|100%| E|CS|TAMS 0x0000000088c00000| PB 0x0000000088c00000| Complete 
| 113|0x0000000088d00000, 0x0000000088e00000, 0x0000000088e00000|100%| E|CS|TAMS 0x0000000088d00000| PB 0x0000000088d00000| Complete 
| 114|0x0000000088e00000, 0x0000000088f00000, 0x0000000088f00000|100%| E|CS|TAMS 0x0000000088e00000| PB 0x0000000088e00000| Complete 
| 115|0x0000000088f00000, 0x0000000089000000, 0x0000000089000000|100%| E|CS|TAMS 0x0000000088f00000| PB 0x0000000088f00000| Complete 
| 116|0x0000000089000000, 0x0000000089100000, 0x0000000089100000|100%| E|CS|TAMS 0x0000000089000000| PB 0x0000000089000000| Complete 
| 117|0x0000000089100000, 0x0000000089200000, 0x0000000089200000|100%| E|CS|TAMS 0x0000000089100000| PB 0x0000000089100000| Complete 
| 118|0x0000000089200000, 0x0000000089300000, 0x0000000089300000|100%| E|CS|TAMS 0x0000000089200000| PB 0x0000000089200000| Complete 
| 119|0x0000000089300000, 0x0000000089400000, 0x0000000089400000|100%| E|CS|TAMS 0x0000000089300000| PB 0x0000000089300000| Complete 
| 120|0x0000000089400000, 0x0000000089500000, 0x0000000089500000|100%| E|CS|TAMS 0x0000000089400000| PB 0x0000000089400000| Complete 
| 121|0x0000000089500000, 0x0000000089600000, 0x0000000089600000|100%| E|CS|TAMS 0x0000000089500000| PB 0x0000000089500000| Complete 
| 122|0x0000000089600000, 0x0000000089700000, 0x0000000089700000|100%| E|CS|TAMS 0x0000000089600000| PB 0x0000000089600000| Complete 
| 123|0x0000000089700000, 0x0000000089800000, 0x0000000089800000|100%| E|CS|TAMS 0x0000000089700000| PB 0x0000000089700000| Complete 
| 124|0x0000000089800000, 0x0000000089900000, 0x0000000089900000|100%| E|CS|TAMS 0x0000000089800000| PB 0x0000000089800000| Complete 
| 125|0x0000000089900000, 0x0000000089a00000, 0x0000000089a00000|100%| E|CS|TAMS 0x0000000089900000| PB 0x0000000089900000| Complete 
| 126|0x0000000089a00000, 0x0000000089b00000, 0x0000000089b00000|100%| E|CS|TAMS 0x0000000089a00000| PB 0x0000000089a00000| Complete 
| 127|0x0000000089b00000, 0x0000000089c00000, 0x0000000089c00000|100%| E|CS|TAMS 0x0000000089b00000| PB 0x0000000089b00000| Complete 

Card table byte_map: [0x0000013176c80000,0x0000013177080000] _byte_map_base: 0x0000013176872000

Marking Bits: (CMBitMap*) 0x000001315f11f950
 Bits: [0x0000013177080000, 0x0000013179010000)

Polling page: 0x000001315ced0000

Metaspace:

Usage:
  Non-class:     11.95 MB used.
      Class:      1.48 MB used.
       Both:     13.43 MB used.

Virtual space:
  Non-class space:       64.00 MB reserved,      12.12 MB ( 19%) committed,  1 nodes.
      Class space:        1.00 GB reserved,       1.62 MB ( <1%) committed,  1 nodes.
             Both:        1.06 GB reserved,      13.75 MB (  1%) committed. 

Chunk freelists:
   Non-Class:  3.12 MB
       Class:  14.42 MB
        Both:  17.54 MB

MaxMetaspaceSize: unlimited
CompressedClassSpaceSize: 1.00 GB
Initial GC threshold: 21.00 MB
Current GC threshold: 21.00 MB
CDS: on
 - commit_granule_bytes: 65536.
 - commit_granule_words: 8192.
 - virtual_space_node_default_size: 8388608.
 - enlarge_chunks_in_place: 1.
 - use_allocation_guard: 0.


Internal statistics:

num_allocs_failed_limit: 0.
num_arena_births: 242.
num_arena_deaths: 0.
num_vsnodes_births: 2.
num_vsnodes_deaths: 0.
num_space_committed: 220.
num_space_uncommitted: 0.
num_chunks_returned_to_freelist: 0.
num_chunks_taken_from_freelist: 673.
num_chunk_merges: 0.
num_chunk_splits: 497.
num_chunks_enlarged: 386.
num_inconsistent_stats: 0.

CodeHeap 'non-profiled nmethods': size=120000Kb used=1727Kb max_used=1727Kb free=118272Kb
 bounds [0x000001316f020000, 0x000001316f290000, 0x0000013176550000]
CodeHeap 'profiled nmethods': size=120000Kb used=6952Kb max_used=6952Kb free=113047Kb
 bounds [0x0000013167550000, 0x0000013167c20000, 0x000001316ea80000]
CodeHeap 'non-nmethods': size=5760Kb used=1399Kb max_used=1447Kb free=4360Kb
 bounds [0x000001316ea80000, 0x000001316ecf0000, 0x000001316f020000]
 total_blobs=4045 nmethods=3553 adapters=396
 compilation: enabled
              stopped_count=0, restarted_count=0
 full_count=0

Compilation events (20 events):
Event: 1.944 Thread 0x000001314513c350 3495       1       org.apache.maven.model.Model::setOrganization (6 bytes)
Event: 1.944 Thread 0x000001314513c350 nmethod 3495 0x000001316f1c6690 code [0x000001316f1c6820, 0x000001316f1c6938]
Event: 1.944 Thread 0x000001314513c350 3496       1       org.apache.maven.model.Organization::setName (6 bytes)
Event: 1.944 Thread 0x000001314513c350 nmethod 3496 0x000001316f1c6990 code [0x000001316f1c6b20, 0x000001316f1c6c30]
Event: 1.944 Thread 0x000001314513c350 3497       1       org.apache.maven.model.Organization::setUrl (6 bytes)
Event: 1.944 Thread 0x000001314513c350 nmethod 3497 0x000001316f1c6c90 code [0x000001316f1c6e20, 0x000001316f1c6f30]
Event: 1.949 Thread 0x000001314513c350 3499       3       org.apache.maven.model.Model::getProjectDirectory (19 bytes)
Event: 1.949 Thread 0x000001314513c350 nmethod 3499 0x0000013167bf3d10 code [0x0000013167bf3ec0, 0x0000013167bf4098]
Event: 1.955 Thread 0x000001314513c350 3501  s    3       java.util.Properties::putAll (9 bytes)
Event: 1.955 Thread 0x000001314513c350 nmethod 3501 0x0000013167bf4190 code [0x0000013167bf4340, 0x0000013167bf4560]
Event: 1.955 Thread 0x000001314513c350 3502       3       org.apache.maven.model.Model::getLicenses (23 bytes)
Event: 1.956 Thread 0x000001314513c350 nmethod 3502 0x0000013167bf4690 code [0x0000013167bf4860, 0x0000013167bf4c50]
Event: 1.959 Thread 0x000001314513c350 3504       3       org.apache.maven.model.building.DefaultModelProblemCollector::setSource (11 bytes)
Event: 1.959 Thread 0x000001314513c350 nmethod 3504 0x0000013167bf4d90 code [0x0000013167bf4f40, 0x0000013167bf50c0]
Event: 1.961 Thread 0x000001314513c350 3505       3       org.apache.maven.model.profile.DefaultProfileSelector::getActiveProfiles (223 bytes)
Event: 1.964 Thread 0x000001314513c350 nmethod 3505 0x0000013167bf5190 code [0x0000013167bf5620, 0x0000013167bf7e60]
Event: 1.964 Thread 0x000001314513c350 3506       3       org.apache.maven.model.building.DefaultModelBuilder::getProfileActivations (86 bytes)
Event: 1.965 Thread 0x000001314513c350 nmethod 3506 0x0000013167bf8c90 code [0x0000013167bf8f20, 0x0000013167bf9b88]
Event: 1.965 Thread 0x000001314513c350 3507       3       org.apache.maven.model.building.DefaultModelBuilder::injectProfileActivations (68 bytes)
Event: 1.966 Thread 0x000001314513c350 nmethod 3507 0x0000013167bf9f90 code [0x0000013167bfa200, 0x0000013167bfadd0]

GC Heap History (4 events):
Event: 0.508 GC heap before
{Heap before GC invocations=0 (full 0):
 garbage-first heap   total 131072K, used 23552K [0x0000000081c00000, 0x0000000100000000)
  region size 1024K, 23 young (23552K), 0 survivors (0K)
 Metaspace       used 5053K, committed 5248K, reserved 1114112K
  class space    used 574K, committed 640K, reserved 1048576K
}
Event: 0.513 GC heap after
{Heap after GC invocations=1 (full 0):
 garbage-first heap   total 131072K, used 3715K [0x0000000081c00000, 0x0000000100000000)
  region size 1024K, 3 young (3072K), 3 survivors (3072K)
 Metaspace       used 5053K, committed 5248K, reserved 1114112K
  class space    used 574K, committed 640K, reserved 1048576K
}
Event: 1.170 GC heap before
{Heap before GC invocations=1 (full 0):
 garbage-first heap   total 131072K, used 36483K [0x0000000081c00000, 0x0000000100000000)
  region size 1024K, 35 young (35840K), 3 survivors (3072K)
 Metaspace       used 11727K, committed 12032K, reserved 1114112K
  class space    used 1375K, committed 1536K, reserved 1048576K
}
Event: 1.178 GC heap after
{Heap after GC invocations=2 (full 0):
 garbage-first heap   total 131072K, used 6379K [0x0000000081c00000, 0x0000000100000000)
  region size 1024K, 3 young (3072K), 3 survivors (3072K)
 Metaspace       used 11727K, committed 12032K, reserved 1114112K
  class space    used 1375K, committed 1536K, reserved 1048576K
}

Dll operation events (8 events):
Event: 0.006 Loaded shared library C:\Program Files\Java\jdk-21\bin\java.dll
Event: 0.032 Loaded shared library C:\Program Files\Java\jdk-21\bin\jsvml.dll
Event: 0.050 Loaded shared library C:\Program Files\Java\jdk-21\bin\net.dll
Event: 0.051 Loaded shared library C:\Program Files\Java\jdk-21\bin\nio.dll
Event: 0.054 Loaded shared library C:\Program Files\Java\jdk-21\bin\zip.dll
Event: 0.129 Loaded shared library C:\Program Files\Java\jdk-21\bin\verify.dll
Event: 0.131 Loaded shared library C:\Program Files\apache-maven-3.6.3\lib\jansi-native\windows64\jansi.dll
Event: 0.151 Loaded shared library C:\Program Files\Java\jdk-21\bin\jimage.dll

Deoptimization events (20 events):
Event: 1.610 Thread 0x000001315cf26520 Uncommon trap: trap_request=0xffffffc6 fr.pc=0x000001316f118850 relative=0x00000000000004b0
Event: 1.610 Thread 0x000001315cf26520 Uncommon trap: reason=bimorphic_or_optimized_type_check action=maybe_recompile pc=0x000001316f118850 method=java.util.regex.Pattern$BmpCharPropertyGreedy.match(Ljava/util/regex/Matcher;ILjava/lang/CharSequence;)Z @ 26 c2
Event: 1.610 Thread 0x000001315cf26520 DEOPT PACKING pc=0x000001316f118850 sp=0x0000000daa4fe6b0
Event: 1.610 Thread 0x000001315cf26520 DEOPT UNPACKING pc=0x000001316ead46a2 sp=0x0000000daa4fe648 mode 2
Event: 1.610 Thread 0x000001315cf26520 Uncommon trap: trap_request=0xffffffc6 fr.pc=0x000001316f118850 relative=0x00000000000004b0
Event: 1.610 Thread 0x000001315cf26520 Uncommon trap: reason=bimorphic_or_optimized_type_check action=maybe_recompile pc=0x000001316f118850 method=java.util.regex.Pattern$BmpCharPropertyGreedy.match(Ljava/util/regex/Matcher;ILjava/lang/CharSequence;)Z @ 26 c2
Event: 1.610 Thread 0x000001315cf26520 DEOPT PACKING pc=0x000001316f118850 sp=0x0000000daa4fe4d0
Event: 1.610 Thread 0x000001315cf26520 DEOPT UNPACKING pc=0x000001316ead46a2 sp=0x0000000daa4fe468 mode 2
Event: 1.644 Thread 0x000001315cf26520 Uncommon trap: trap_request=0xffffffcc fr.pc=0x000001316f14c45c relative=0x000000000000021c
Event: 1.644 Thread 0x000001315cf26520 Uncommon trap: reason=intrinsic_or_type_checked_inlining action=make_not_entrant pc=0x000001316f14c45c method=java.util.Arrays.copyOf([Ljava/lang/Object;ILjava/lang/Class;)[Ljava/lang/Object; @ 35 c2
Event: 1.644 Thread 0x000001315cf26520 DEOPT PACKING pc=0x000001316f14c45c sp=0x0000000daa4fdd70
Event: 1.644 Thread 0x000001315cf26520 DEOPT UNPACKING pc=0x000001316ead46a2 sp=0x0000000daa4fdd00 mode 2
Event: 1.654 Thread 0x000001315cf26520 Uncommon trap: trap_request=0xffffff45 fr.pc=0x000001316f15bfd0 relative=0x0000000000000b10
Event: 1.654 Thread 0x000001315cf26520 Uncommon trap: reason=unstable_if action=reinterpret pc=0x000001316f15bfd0 method=org.codehaus.plexus.util.xml.pull.MXParser.nextImpl()I @ 901 c2
Event: 1.654 Thread 0x000001315cf26520 DEOPT PACKING pc=0x000001316f15bfd0 sp=0x0000000daa4fdc10
Event: 1.654 Thread 0x000001315cf26520 DEOPT UNPACKING pc=0x000001316ead46a2 sp=0x0000000daa4fdb98 mode 2
Event: 1.883 Thread 0x000001315cf26520 Uncommon trap: trap_request=0xffffff45 fr.pc=0x000001316f1a6b98 relative=0x00000000000000d8
Event: 1.883 Thread 0x000001315cf26520 Uncommon trap: reason=unstable_if action=reinterpret pc=0x000001316f1a6b98 method=org.apache.maven.model.io.xpp3.MavenXpp3Reader.nextTag(Lorg/codehaus/plexus/util/xml/pull/XmlPullParser;)I @ 9 c2
Event: 1.883 Thread 0x000001315cf26520 DEOPT PACKING pc=0x000001316f1a6b98 sp=0x0000000daa4fc430
Event: 1.883 Thread 0x000001315cf26520 DEOPT UNPACKING pc=0x000001316ead46a2 sp=0x0000000daa4fc3c0 mode 2

Classes loaded (20 events):
Event: 1.217 Loading class sun/util/resources/LocaleData$LocaleDataResourceBundleProvider done
Event: 1.217 Loading class sun/util/resources/LocaleData$CommonResourceBundleProvider done
Event: 1.217 Loading class sun/util/resources/Bundles$2
Event: 1.217 Loading class sun/util/resources/Bundles$2 done
Event: 1.242 Loading class java/util/StringTokenizer
Event: 1.242 Loading class java/util/StringTokenizer done
Event: 1.243 Loading class java/math/BigDecimal
Event: 1.243 Loading class java/math/BigDecimal done
Event: 1.244 Loading class java/lang/Short$ShortCache
Event: 1.244 Loading class java/lang/Short$ShortCache done
Event: 1.244 Loading class java/lang/Byte$ByteCache
Event: 1.244 Loading class java/lang/Byte$ByteCache done
Event: 1.250 Loading class sun/invoke/util/ValueConversions$1
Event: 1.250 Loading class sun/invoke/util/ValueConversions$1 done
Event: 1.250 Loading class java/lang/invoke/BoundMethodHandle$Species_LI
Event: 1.250 Loading class java/lang/invoke/BoundMethodHandle$Species_LI done
Event: 1.325 Loading class sun/nio/cs/ISO_8859_1$Decoder
Event: 1.325 Loading class sun/nio/cs/ISO_8859_1$Decoder done
Event: 1.593 Loading class java/util/LinkedList$ListItr
Event: 1.593 Loading class java/util/LinkedList$ListItr done

Classes unloaded (0 events):
No events

Classes redefined (0 events):
No events

Internal exceptions (20 events):
Event: 0.953 Thread 0x000001315cf26520 Exception <a 'java/lang/NoSuchMethodError'{0x000000008801d570}: 'void java.lang.invoke.DirectMethodHandle$Holder.invokeSpecial(java.lang.Object, java.lang.Object, java.lang.Object)'> (0x000000008801d570) 
thrown [s\open\src\hotspot\share\interpreter\linkResolver.cpp, line 773]
Event: 0.957 Thread 0x000001315cf26520 Exception <a 'java/lang/NoSuchMethodError'{0x00000000880440e0}: 'void java.lang.invoke.Invokers$Holder.invokeExact_MT(java.lang.Object, java.lang.Object, java.lang.Object, java.lang.Object)'> (0x00000000880440e0) 
thrown [s\open\src\hotspot\share\interpreter\linkResolver.cpp, line 773]
Event: 0.973 Thread 0x000001315cf26520 Exception <a 'java/lang/NoClassDefFoundError'{0x00000000880ccc10}: com/google/inject/servlet/ServletModuleTargetVisitor> (0x00000000880ccc10) 
thrown [s\open\src\hotspot\share\classfile\systemDictionary.cpp, line 301]
Event: 0.973 Thread 0x000001315cf26520 Exception <a 'java/lang/NoClassDefFoundError'{0x00000000880ce3f8}: javax/annotation/Priority> (0x00000000880ce3f8) 
thrown [s\open\src\hotspot\share\classfile\systemDictionary.cpp, line 301]
Event: 0.997 Thread 0x000001315cf26520 Exception <a 'java/lang/NoSuchMethodError'{0x0000000087f755b8}: 'java.lang.Object java.lang.invoke.DirectMethodHandle$Holder.invokeStatic(java.lang.Object, java.lang.Object, int)'> (0x0000000087f755b8) 
thrown [s\open\src\hotspot\share\interpreter\linkResolver.cpp, line 773]
Event: 0.997 Thread 0x000001315cf26520 Exception <a 'java/lang/NoSuchMethodError'{0x0000000087f810c8}: 'void java.lang.invoke.DelegatingMethodHandle$Holder.delegate(java.lang.Object, java.lang.Object, int, java.lang.Object)'> (0x0000000087f810c8) 
thrown [s\open\src\hotspot\share\interpreter\linkResolver.cpp, line 773]
Event: 0.998 Thread 0x000001315cf26520 Exception <a 'java/lang/NoSuchMethodError'{0x0000000087f85948}: 'int java.lang.invoke.DirectMethodHandle$Holder.invokeSpecial(java.lang.Object, java.lang.Object, java.lang.Object)'> (0x0000000087f85948) 
thrown [s\open\src\hotspot\share\interpreter\linkResolver.cpp, line 773]
Event: 1.016 Thread 0x000001315cf26520 Exception <a 'java/lang/NoSuchMethodError'{0x0000000087e128e8}: 'java.lang.Object java.lang.invoke.DirectMethodHandle$Holder.newInvokeSpecial(java.lang.Object, java.lang.Object, java.lang.Object, java.lang.Object, java.lang.Object, java.lang.Object, java.lang.Object)'> (0x0000000087e128e8) 
thrown [s\open\src\hotspot\share\interpreter\linkResolver.cpp, line 773]
Event: 1.023 Thread 0x000001315cf26520 Exception <a 'java/lang/NoSuchMethodError'{0x0000000087e4b680}: 'java.lang.Object java.lang.invoke.DirectMethodHandle$Holder.newInvokeSpecial(java.lang.Object, java.lang.Object, java.lang.Object, java.lang.Object, java.lang.Object, java.lang.Object, java.lang.Object, java.lang.Object, java.lang.Object)'> (0x0000000087e4b680) 
thrown [s\open\src\hotspot\share\interpreter\linkResolver.cpp, line 773]
Event: 1.038 Thread 0x000001315cf26520 Exception <a 'java/lang/NoSuchMethodError'{0x0000000087ee2710}: 'java.lang.Object java.lang.invoke.DirectMethodHandle$Holder.newInvokeSpecial(java.lang.Object, java.lang.Object, java.lang.Object, java.lang.Object, java.lang.Object, java.lang.Object, java.lang.Object, java.lang.Object, java.lang.Object, java.lang.Object, java.lang.Object, java.lang.Object)'> (0x0000000087ee2710) 
thrown [s\open\src\hotspot\share\interpreter\linkResolver.cpp, line 773]
Event: 1.044 Thread 0x000001315cf26520 Exception <a 'java/lang/NoSuchMethodError'{0x0000000087d279c0}: 'java.lang.Object java.lang.invoke.DirectMethodHandle$Holder.invokeStatic(java.lang.Object, java.lang.Object, java.lang.Object, java.lang.Object, java.lang.Object, java.lang.Object, java.lang.Object, java.lang.Object, java.lang.Object, java.lang.Object, java.lang.Object, java.lang.Object, java.lang.Object)'> (0x0000000087d279c0) 
thrown [s\open\src\hotspot\share\interpreter\linkResolver.cpp, line 773]
Event: 1.045 Thread 0x000001315cf26520 Exception <a 'java/lang/NoSuchMethodError'{0x0000000087d46548}: 'java.lang.Object java.lang.invoke.DirectMethodHandle$Holder.invokeStatic(java.lang.Object, java.lang.Object, java.lang.Object, java.lang.Object, java.lang.Object, java.lang.Object, java.lang.Object, java.lang.Object, java.lang.Object, java.lang.Object, java.lang.Object, java.lang.Object, java.lang.Object, java.lang.Object)'> (0x0000000087d46548) 
thrown [s\open\src\hotspot\share\interpreter\linkResolver.cpp, line 773]
Event: 1.047 Thread 0x000001315cf26520 Exception <a 'java/lang/NoSuchMethodError'{0x0000000087d67718}: 'java.lang.Object java.lang.invoke.DirectMethodHandle$Holder.invokeStatic(java.lang.Object, java.lang.Object, java.lang.Object, java.lang.Object, java.lang.Object, java.lang.Object, java.lang.Object, java.lang.Object, java.lang.Object, java.lang.Object, java.lang.Object, java.lang.Object, java.lang.Object, java.lang.Object, java.lang.Object)'> (0x0000000087d67718) 
thrown [s\open\src\hotspot\share\interpreter\linkResolver.cpp, line 773]
Event: 1.079 Thread 0x000001315cf26520 Exception <a 'java/lang/NoSuchMethodError'{0x0000000087dd9cd0}: 'java.lang.Object java.lang.invoke.DirectMethodHandle$Holder.invokeStaticInit(java.lang.Object, int, int, int, int)'> (0x0000000087dd9cd0) 
thrown [s\open\src\hotspot\share\interpreter\linkResolver.cpp, line 773]
Event: 1.164 Thread 0x000001315cf26520 Implicit null exception at 0x000001316f064ba4 to 0x000001316f06523c
Event: 1.164 Thread 0x000001315cf26520 Implicit null exception at 0x000001316f062e20 to 0x000001316f0634bc
Event: 1.250 Thread 0x000001315cf26520 Exception <a 'java/lang/NoSuchMethodError'{0x00000000898aa520}: 'void java.lang.invoke.DirectMethodHandle$Holder.invokeVirtual(java.lang.Object, java.lang.Object, int)'> (0x00000000898aa520) 
thrown [s\open\src\hotspot\share\interpreter\linkResolver.cpp, line 773]
Event: 1.250 Thread 0x000001315cf26520 Exception <a 'java/lang/NoSuchMethodError'{0x00000000898ae688}: 'int java.lang.invoke.DirectMethodHandle$Holder.invokeSpecial(java.lang.Object, java.lang.Object, java.lang.Object, int)'> (0x00000000898ae688) 
thrown [s\open\src\hotspot\share\interpreter\linkResolver.cpp, line 773]
Event: 1.252 Thread 0x000001315cf26520 Exception <a 'java/lang/NoSuchMethodError'{0x00000000898bec70}: 'java.lang.Object java.lang.invoke.DirectMethodHandle$Holder.invokeStatic(java.lang.Object, java.lang.Object, java.lang.Object, java.lang.Object, int)'> (0x00000000898bec70) 
thrown [s\open\src\hotspot\share\interpreter\linkResolver.cpp, line 773]
Event: 1.253 Thread 0x000001315cf26520 Exception <a 'java/lang/NoSuchMethodError'{0x00000000898c9cb0}: 'void java.lang.invoke.DelegatingMethodHandle$Holder.reinvoke_L(java.lang.Object, java.lang.Object, int)'> (0x00000000898c9cb0) 
thrown [s\open\src\hotspot\share\interpreter\linkResolver.cpp, line 773]

ZGC Phase Switch (0 events):
No events

VM Operations (20 events):
Event: 0.893 Executing VM operation: HandshakeAllThreads (Deoptimize)
Event: 0.893 Executing VM operation: HandshakeAllThreads (Deoptimize) done
Event: 0.912 Executing VM operation: ICBufferFull
Event: 0.912 Executing VM operation: ICBufferFull done
Event: 0.953 Executing VM operation: HandshakeAllThreads (Deoptimize)
Event: 0.953 Executing VM operation: HandshakeAllThreads (Deoptimize) done
Event: 0.996 Executing VM operation: HandshakeAllThreads (Deoptimize)
Event: 0.996 Executing VM operation: HandshakeAllThreads (Deoptimize) done
Event: 1.053 Executing VM operation: HandshakeAllThreads (Deoptimize)
Event: 1.053 Executing VM operation: HandshakeAllThreads (Deoptimize) done
Event: 1.089 Executing VM operation: HandshakeAllThreads (Deoptimize)
Event: 1.089 Executing VM operation: HandshakeAllThreads (Deoptimize) done
Event: 1.118 Executing VM operation: HandshakeAllThreads (Deoptimize)
Event: 1.118 Executing VM operation: HandshakeAllThreads (Deoptimize) done
Event: 1.170 Executing VM operation: G1CollectForAllocation (G1 Evacuation Pause)
Event: 1.178 Executing VM operation: G1CollectForAllocation (G1 Evacuation Pause) done
Event: 1.426 Executing VM operation: ICBufferFull
Event: 1.426 Executing VM operation: ICBufferFull done
Event: 1.717 Executing VM operation: ICBufferFull
Event: 1.717 Executing VM operation: ICBufferFull done

Events (13 events):
Event: 0.018 Thread 0x000001315cf26520 Thread added: 0x000001315cf26520
Event: 0.030 Thread 0x000001317b6576a0 Thread added: 0x000001317b6576a0
Event: 0.030 Thread 0x000001317b6583b0 Thread added: 0x000001317b6583b0
Event: 0.030 Thread 0x000001317b65c290 Thread added: 0x000001317b65c290
Event: 0.030 Thread 0x0000013145132830 Thread added: 0x0000013145132830
Event: 0.030 Thread 0x00000131451321a0 Thread added: 0x00000131451321a0
Event: 0.030 Thread 0x00000131451300d0 Thread added: 0x00000131451300d0
Event: 0.031 Thread 0x00000131451387b0 Thread added: 0x00000131451387b0
Event: 0.031 Thread 0x000001314513c350 Thread added: 0x000001314513c350
Event: 0.045 Thread 0x0000013145133550 Thread added: 0x0000013145133550
Event: 0.047 Thread 0x0000013145130df0 Thread added: 0x0000013145130df0
Event: 0.195 Thread 0x0000013145613b60 Thread added: 0x0000013145613b60
Event: 0.453 Thread 0x0000013145b15e50 Thread added: 0x0000013145b15e50


Dynamic libraries:
0x00007ff74f5b0000 - 0x00007ff74f5c0000 	C:\Program Files\Java\jdk-21\bin\java.exe
0x00007ffa62ff0000 - 0x00007ffa631e8000 	C:\WINDOWS\SYSTEM32\ntdll.dll
0x00007ffa61cc0000 - 0x00007ffa61d7f000 	C:\WINDOWS\System32\KERNEL32.DLL
0x00007ffa60ac0000 - 0x00007ffa60d92000 	C:\WINDOWS\System32\KERNELBASE.dll
0x00007ffa60f00000 - 0x00007ffa61000000 	C:\WINDOWS\System32\ucrtbase.dll
0x00007ffa40790000 - 0x00007ffa407a9000 	C:\Program Files\Java\jdk-21\bin\jli.dll
0x00007ffa61b10000 - 0x00007ffa61bbe000 	C:\WINDOWS\System32\ADVAPI32.dll
0x00007ffa3ea00000 - 0x00007ffa3ea1b000 	C:\Program Files\Java\jdk-21\bin\VCRUNTIME140.dll
0x00007ffa61c20000 - 0x00007ffa61cbe000 	C:\WINDOWS\System32\msvcrt.dll
0x00007ffa61f20000 - 0x00007ffa61fbc000 	C:\WINDOWS\System32\sechost.dll
0x00007ffa61750000 - 0x00007ffa61875000 	C:\WINDOWS\System32\RPCRT4.dll
0x00007ffa615a0000 - 0x00007ffa61741000 	C:\WINDOWS\System32\USER32.dll
0x00007ffa606e0000 - 0x00007ffa60702000 	C:\WINDOWS\System32\win32u.dll
0x00007ffa61a80000 - 0x00007ffa61aab000 	C:\WINDOWS\System32\GDI32.dll
0x00007ffa60960000 - 0x00007ffa60a6f000 	C:\WINDOWS\System32\gdi32full.dll
0x00007ffa60810000 - 0x00007ffa608ad000 	C:\WINDOWS\System32\msvcp_win.dll
0x00007ffa48080000 - 0x00007ffa4831a000 	C:\WINDOWS\WinSxS\amd64_microsoft.windows.common-controls_6595b64144ccf1df_6.0.19041.1110_none_60b5254171f9507e\COMCTL32.dll
0x00007ffa60270000 - 0x00007ffa6027a000 	C:\WINDOWS\SYSTEM32\VERSION.dll
0x00007ffa62780000 - 0x00007ffa627b2000 	C:\WINDOWS\System32\IMM32.DLL
0x0000000073ed0000 - 0x0000000073edc000 	C:\Program Files (x86)\360\Total Security\safemon\SafeWrapper.dll
0x00007ffa598d0000 - 0x00007ffa5997c000 	C:\Program Files (x86)\360\Total Security\safemon\libzdtp64.dll
0x00007ffa61fc0000 - 0x00007ffa62704000 	C:\WINDOWS\System32\SHELL32.dll
0x00007ffa62710000 - 0x00007ffa62765000 	C:\WINDOWS\System32\SHLWAPI.dll
0x00007ffa437e0000 - 0x00007ffa437ec000 	C:\Program Files\Java\jdk-21\bin\vcruntime140_1.dll
0x00007ffa276f0000 - 0x00007ffa2777e000 	C:\Program Files\Java\jdk-21\bin\msvcp140.dll
0x00007ffa12000000 - 0x00007ffa12d1a000 	C:\Program Files\Java\jdk-21\bin\server\jvm.dll
0x00007ffa61d80000 - 0x00007ffa61deb000 	C:\WINDOWS\System32\WS2_32.dll
0x00007ffa5fc40000 - 0x00007ffa5fc8b000 	C:\WINDOWS\SYSTEM32\POWRPROF.dll
0x00007ffa45820000 - 0x00007ffa45847000 	C:\WINDOWS\SYSTEM32\WINMM.dll
0x00007ffa5fab0000 - 0x00007ffa5fac2000 	C:\WINDOWS\SYSTEM32\UMPDC.dll
0x00007ffa5eec0000 - 0x00007ffa5eed2000 	C:\WINDOWS\SYSTEM32\kernel.appcore.dll
0x00007ffa42840000 - 0x00007ffa4284a000 	C:\Program Files\Java\jdk-21\bin\jimage.dll
0x00007ffa5eca0000 - 0x00007ffa5ee84000 	C:\WINDOWS\SYSTEM32\DBGHELP.DLL
0x00007ffa3fb00000 - 0x00007ffa3fb35000 	C:\WINDOWS\SYSTEM32\dbgcore.DLL
0x00007ffa60780000 - 0x00007ffa60802000 	C:\WINDOWS\System32\bcryptPrimitives.dll
0x00007ffa356f0000 - 0x00007ffa3570f000 	C:\Program Files\Java\jdk-21\bin\java.dll
0x00007ffa5e440000 - 0x00007ffa5ebd2000 	C:\WINDOWS\SYSTEM32\windows.storage.dll
0x00007ffa61130000 - 0x00007ffa61485000 	C:\WINDOWS\System32\combase.dll
0x00007ffa600d0000 - 0x00007ffa60100000 	C:\WINDOWS\SYSTEM32\Wldp.dll
0x00007ffa62f00000 - 0x00007ffa62fad000 	C:\WINDOWS\System32\SHCORE.dll
0x00007ffa60620000 - 0x00007ffa6063f000 	C:\WINDOWS\SYSTEM32\profapi.dll
0x00007ffa26fe0000 - 0x00007ffa270b7000 	C:\Program Files\Java\jdk-21\bin\jsvml.dll
0x00007ffa40420000 - 0x00007ffa40430000 	C:\Program Files\Java\jdk-21\bin\net.dll
0x00007ffa54610000 - 0x00007ffa5471c000 	C:\WINDOWS\SYSTEM32\WINHTTP.dll
0x00007ffa5fe30000 - 0x00007ffa5fe9a000 	C:\WINDOWS\system32\mswsock.dll
0x00007ffa33e40000 - 0x00007ffa33e56000 	C:\Program Files\Java\jdk-21\bin\nio.dll
0x00007ffa332c0000 - 0x00007ffa332d8000 	C:\Program Files\Java\jdk-21\bin\zip.dll
0x00007ffa3e9f0000 - 0x00007ffa3ea00000 	C:\Program Files\Java\jdk-21\bin\verify.dll
0x00007ffa3a160000 - 0x00007ffa3a16a000 	C:\Program Files\apache-maven-3.6.3\lib\jansi-native\windows64\jansi.dll

dbghelp: loaded successfully - version: 4.0.5 - missing functions: none
symbol engine: initialized successfully - sym options: 0x614 - pdb path: .;C:\Program Files\Java\jdk-21\bin;C:\WINDOWS\SYSTEM32;C:\WINDOWS\WinSxS\amd64_microsoft.windows.common-controls_6595b64144ccf1df_6.0.19041.1110_none_60b5254171f9507e;C:\Program Files (x86)\360\Total Security\safemon;C:\Program Files\Java\jdk-21\bin\server;C:\Program Files\apache-maven-3.6.3\lib\jansi-native\windows64

VM Arguments:
jvm_args: -Dclassworlds.conf=C:\Program Files\apache-maven-3.6.3\bin\..\bin\m2.conf -Dmaven.home=C:\Program Files\apache-maven-3.6.3\bin\.. -Dlibrary.jansi.path=C:\Program Files\apache-maven-3.6.3\bin\..\lib\jansi-native -Dmaven.multiModuleProjectDirectory=C:\Users\Dzenana\Desktop\system-events 
java_command: org.codehaus.plexus.classworlds.launcher.Launcher clean install -U
java_class_path (initial): C:\Program Files\apache-maven-3.6.3\bin\..\boot\plexus-classworlds-2.6.0.jar
Launcher Type: SUN_STANDARD

[Global flags]
     intx CICompilerCount                          = 4                                         {product} {ergonomic}
     uint ConcGCThreads                            = 2                                         {product} {ergonomic}
     uint G1ConcRefinementThreads                  = 8                                         {product} {ergonomic}
   size_t G1HeapRegionSize                         = 1048576                                   {product} {ergonomic}
    uintx GCDrainStackTargetSize                   = 64                                        {product} {ergonomic}
   size_t InitialHeapSize                          = 134217728                                 {product} {ergonomic}
   size_t MarkStackSize                            = 4194304                                   {product} {ergonomic}
   size_t MaxHeapSize                              = 2118123520                                {product} {ergonomic}
   size_t MaxNewSize                               = 1270874112                                {product} {ergonomic}
   size_t MinHeapDeltaBytes                        = 1048576                                   {product} {ergonomic}
   size_t MinHeapSize                              = 8388608                                   {product} {ergonomic}
    uintx NonNMethodCodeHeapSize                   = 5839372                                {pd product} {ergonomic}
    uintx NonProfiledCodeHeapSize                  = 122909434                              {pd product} {ergonomic}
    uintx ProfiledCodeHeapSize                     = 122909434                              {pd product} {ergonomic}
    uintx ReservedCodeCacheSize                    = 251658240                              {pd product} {ergonomic}
     bool SegmentedCodeCache                       = true                                      {product} {ergonomic}
   size_t SoftMaxHeapSize                          = 2118123520                             {manageable} {ergonomic}
     bool UseCompressedOops                        = true                           {product lp64_product} {ergonomic}
     bool UseG1GC                                  = true                                      {product} {ergonomic}
     bool UseLargePagesIndividualAllocation        = false                                  {pd product} {ergonomic}

Logging:
Log output configuration:
 #0: stdout all=warning uptime,level,tags foldmultilines=false
 #1: stderr all=off uptime,level,tags foldmultilines=false

Environment Variables:
JAVA_HOME=C:\Program Files\Java\jdk-21
PATH=;C:\Program Files\Common Files\Oracle\Java\javapath;C:\Program Files (x86)\National Instruments\Shared\ULx\;C:\Program Files (x86)\Meilhaus Electronic\RedLab\;C:\WINDOWS\system32;C:\WINDOWS;C:\WINDOWS\System32\Wbem;C:\WINDOWS\System32\WindowsPowerShell\v1.0\;C:\WINDOWS\System32\OpenSSH\;C:\Program Files (x86)\NVIDIA Corporation\PhysX\Common;C:\Program Files\Git\cmd;C:\Program Files\Java\jdk-14.0.1\bin;C:\Program Files\apache-maven-3.6.3\bin;C:\Program Files\mysql-connector-java-5.1.49;C:\Program Files\MATLAB\R2017b\runtime\win64;C:\Program Files\MATLAB\R2017b\bin;C:\Users\Dzenana\AppData\Local\Programs\Python\Python39;C:\Program Files\dotnet\;C:\Program Files\PuTTY\;C:\Program Files (x86)\Schneider Electric\SoMachine Software\Tools\ConfigurationManager\;C:\Program Files\CMake\bin;C:\Program Files (x86)\nodejs\;C:\Program Files\MySQL\MySQL Shell 8.0\bin\;C:\Users\Dzenana\anaconda3;C:\Users\Dzenana\anaconda3\Library\mingw-w64\bin;C:\Users\Dzenana\anaconda3\Library\usr\bin;C:\Users\Dzenana\anaconda3\Library\bin;C:\Users\Dzenana\anaconda3\Scripts;C:\Users\Dzenana\AppData\Local\Programs\Enthought\edm\;C:\Users\Dzenana\AppData\Local\Microsoft\WindowsApps;C:\Program Files\Java\jdk-21\bin;C:\Program Files\mysql-connector-java-5.1.49;C:\Program Files (x86)\nasm;C:\Program Files (x86)\ollydebug;C:\Program Files (x86)\linker;C:\MinGW\bin;C:\Users\Dzenana\AppData\Local\Programs\Python\Python39\Scripts;C:\Users\Dzenana\AppData\Local\Programs\Microsoft VS Code\bin;C:\Users\Dzenana\AppData\Roaming\npm;C:\WINDOWS\system32;C:\Program Files (x86)\nodejs;C:\Program Files\JetBrains\IntelliJ IDEA Community Edition 2024.3.5\bin;;C:\Program Files\MySQL\MySQL Server 8.0\bin;"C:\Program Files (x86)\TACACS.net\"
USERNAME=Dzenana
OS=Windows_NT
PROCESSOR_IDENTIFIER=Intel64 Family 6 Model 142 Stepping 12, GenuineIntel
TMP=C:\Users\Dzenana\AppData\Local\Temp
TEMP=C:\Users\Dzenana\AppData\Local\Temp




Periodic native trim disabled

---------------  S Y S T E M  ---------------

OS:
 Windows 10 , 64 bit Build 19041 (10.0.19041.2364)
OS uptime: 0 days 2:02 hours

CPU: total 8 (initial active 8) (4 cores per cpu, 2 threads per core) family 6 model 142 stepping 12 microcode 0xca, cx8, cmov, fxsr, ht, mmx, 3dnowpref, sse, sse2, sse3, ssse3, sse4.1, sse4.2, popcnt, lzcnt, tsc, tscinvbit, avx, avx2, aes, erms, clmul, bmi1, bmi2, adx, fma, vzeroupper, clflush, clflushopt, rdtscp, f16c
Processor Information for all 8 processors :
  Max Mhz: 1800, Current Mhz: 1600, Mhz Limit: 1584

Memory: 4k page, system-wide physical 8078M (1046M free)
TotalPageFile size 8078M (AvailPageFile size 6M)
current process WorkingSet (physical memory assigned to process): 164M, peak: 166M
current process commit charge ("private bytes"): 263M, peak: 265M

vm_info: Java HotSpot(TM) 64-Bit Server VM (21.0.7+8-LTS-245) for windows-amd64 JRE (21.0.7+8-LTS-245), built on 2025-02-21T05:11:27Z by "mach5one" with MS VC++ 17.6 (VS2022)

END.
